<?xml version="1.0" encoding="UTF-8"?>
<testng-results skipped="0" failed="0" ignored="0" total="1" passed="1">
  <reporter-output>
  </reporter-output>
  <suite name="Suite" duration-ms="33" started-at="2021-07-27T06:00:46Z" finished-at="2021-07-27T06:00:46Z">
    <groups>
    </groups>
    <test name="Test" duration-ms="33" started-at="2021-07-27T06:00:46Z" finished-at="2021-07-27T06:00:46Z">
      <class name="listenerPackage.TestAnnotationClass">
        <test-method status="PASS" signature="beforeMethod()[pri:0, instance:listenerPackage.TestAnnotationClass@612679d6]" name="beforeMethod" is-config="true" duration-ms="6" started-at="2021-07-27T06:00:46Z" finished-at="2021-07-27T06:00:46Z">
          <reporter-output>
          </reporter-output>
        </test-method> <!-- beforeMethod -->
        <test-method status="PASS" signature="testMethod1()[pri:0, instance:listenerPackage.TestAnnotationClass@612679d6]" name="testMethod1" duration-ms="3" started-at="2021-07-27T06:00:46Z" finished-at="2021-07-27T06:00:46Z">
          <reporter-output>
          </reporter-output>
        </test-method> <!-- testMethod1 -->
        <test-method status="PASS" signature="afterMethod()[pri:0, instance:listenerPackage.TestAnnotationClass@612679d6]" name="afterMethod" is-config="true" duration-ms="0" started-at="2021-07-27T06:00:46Z" finished-at="2021-07-27T06:00:46Z">
          <reporter-output>
          </reporter-output>
        </test-method> <!-- afterMethod -->
      </class> <!-- listenerPackage.TestAnnotationClass -->
    </test> <!-- Test -->
  </suite> <!-- Suite -->
</testng-results>
